<?xml version="1.0" encoding="UTF-8"?>
<testng-results skipped="0" failed="0" ignored="0" total="1" passed="1">
  <reporter-output>
  </reporter-output>
  <suite name="Failed suite [DemoProjectSuite]" duration-ms="24178" started-at="2022-09-08T14:07:17 IST" finished-at="2022-09-08T14:07:41 IST">
    <groups>
      <group name="Master">
        <method signature="TC_002_Login.test_Login()[pri:0, instance:testCase.TC_002_Login@727803de]" name="test_Login" class="testCase.TC_002_Login"/>
      </group> <!-- Master -->
      <group name="Sanity">
        <method signature="TC_002_Login.test_Login()[pri:0, instance:testCase.TC_002_Login@727803de]" name="test_Login" class="testCase.TC_002_Login"/>
      </group> <!-- Sanity -->
    </groups>
    <test name="Test(failed)" duration-ms="24178" started-at="2022-09-08T14:07:17 IST" finished-at="2022-09-08T14:07:41 IST">
      <class name="testCase.TC_002_Login">
        <test-method status="PASS" signature="setup(java.lang.String)[pri:0, instance:testCase.TC_002_Login@727803de]" name="setup" is-config="true" duration-ms="7855" started-at="2022-09-08T14:07:18 IST" finished-at="2022-09-08T14:07:26 IST">
          <params>
            <param index="0">
              <value>
                <![CDATA[chrome]]>
              </value>
            </param>
          </params>
          <reporter-output>
          </reporter-output>
        </test-method> <!-- setup -->
        <test-method status="PASS" signature="test_Login()[pri:0, instance:testCase.TC_002_Login@727803de]" name="test_Login" duration-ms="14416" started-at="2022-09-08T14:07:26 IST" finished-at="2022-09-08T14:07:40 IST">
          <reporter-output>
          </reporter-output>
        </test-method> <!-- test_Login -->
        <test-method status="PASS" signature="teardown()[pri:0, instance:testCase.TC_002_Login@727803de]" name="teardown" is-config="true" duration-ms="993" started-at="2022-09-08T14:07:40 IST" finished-at="2022-09-08T14:07:41 IST">
          <reporter-output>
          </reporter-output>
        </test-method> <!-- teardown -->
      </class> <!-- testCase.TC_002_Login -->
    </test> <!-- Test(failed) -->
  </suite> <!-- Failed suite [DemoProjectSuite] -->
</testng-results>
