<?xml version="1.0" encoding="UTF-8"?>
<!-- Generated by org.testng.reporters.JUnitXMLReporter -->
<testsuite hostname="DESKTOP-6RJGASL" ignored="0" name="Test" tests="2" failures="1" timestamp="2022-09-08T14:05:06 IST" time="85.686" errors="0">
  <testcase name="test_Registration" time="24.642" classname="testCase.TC_001_Registration"/>
  <testcase name="test_Login" time="26.946" classname="testCase.TC_002_Login">
    <failure type="java.lang.AssertionError" message="expected [true] but found [false]">
      <![CDATA[java.lang.AssertionError: expected [true] but found [false]
at testCase.TC_002_Login.test_Login(TC_002_Login.java:62)
at java.util.ArrayList.forEach(ArrayList.java:1257)
... Removed 31 stack frames]]>
    </failure>
  </testcase> <!-- test_Login -->
</testsuite> <!-- Test -->
